Using pre-set license
Built from '2021.3/staging' branch; Version is '2021.3.18f1 (3129e69bc0c7) revision 3221990'; Using compiler version '192829333'; Build Type 'Release'
OS: 'Windows 10  (10.0.19044) 64bit Core' Language: 'zh' Physical Memory: 16254 MB
BatchMode: 1, IsHumanControllingUs: 0, StartBugReporterOnCrash: 0, Is64bit: 1, IsPro: 1

COMMAND LINE ARGUMENTS:
D:\UnityHub\Editor\2021.3.18f1\Editor\Unity.exe
-adb2
-batchMode
-noUpm
-name
AssetImportWorker0
-projectPath
C:/Users/EDDY/Desktop/VNU_Game-Decision-Analysis/VNU_GameDecision
-logFile
Logs/AssetImportWorker0.log
-srvPort
53156
Successfully changed project path to: C:/Users/EDDY/Desktop/VNU_Game-Decision-Analysis/VNU_GameDecision
C:/Users/EDDY/Desktop/VNU_Game-Decision-Analysis/VNU_GameDecision
[UnityMemory] Configuration Parameters - Can be set up in boot.config
    "memorysetup-bucket-allocator-granularity=16"
    "memorysetup-bucket-allocator-bucket-count=8"
    "memorysetup-bucket-allocator-block-size=33554432"
    "memorysetup-bucket-allocator-block-count=8"
    "memorysetup-main-allocator-block-size=16777216"
    "memorysetup-thread-allocator-block-size=16777216"
    "memorysetup-gfx-main-allocator-block-size=16777216"
    "memorysetup-gfx-thread-allocator-block-size=16777216"
    "memorysetup-cache-allocator-block-size=4194304"
    "memorysetup-typetree-allocator-block-size=2097152"
    "memorysetup-profiler-bucket-allocator-granularity=16"
    "memorysetup-profiler-bucket-allocator-bucket-count=8"
    "memorysetup-profiler-bucket-allocator-block-size=33554432"
    "memorysetup-profiler-bucket-allocator-block-count=8"
    "memorysetup-profiler-allocator-block-size=16777216"
    "memorysetup-profiler-editor-allocator-block-size=1048576"
    "memorysetup-temp-allocator-size-main=16777216"
    "memorysetup-job-temp-allocator-block-size=2097152"
    "memorysetup-job-temp-allocator-block-size-background=1048576"
    "memorysetup-job-temp-allocator-reduction-small-platforms=262144"
    "memorysetup-temp-allocator-size-background-worker=32768"
    "memorysetup-temp-allocator-size-job-worker=262144"
    "memorysetup-temp-allocator-size-preload-manager=33554432"
    "memorysetup-temp-allocator-size-nav-mesh-worker=65536"
    "memorysetup-temp-allocator-size-audio-worker=65536"
    "memorysetup-temp-allocator-size-cloud-worker=32768"
    "memorysetup-temp-allocator-size-gi-baking-worker=262144"
    "memorysetup-temp-allocator-size-gfx=262144"
Player connection [15996] Host "[IP] 172.20.10.3 [Port] 0 [Flags] 2 [Guid] 2909624761 [EditorId] 2909624761 [Version] 1048832 [Id] WindowsEditor(7,LAPTOP-VBFBSGVT) [Debug] 1 [PackageName] WindowsEditor [ProjectName] Editor" joined multi-casting on [225.0.0.222:54997]...

Player connection [15996] Host "[IP] 172.20.10.3 [Port] 0 [Flags] 2 [Guid] 2909624761 [EditorId] 2909624761 [Version] 1048832 [Id] WindowsEditor(7,LAPTOP-VBFBSGVT) [Debug] 1 [PackageName] WindowsEditor [ProjectName] Editor" joined alternative multi-casting on [225.0.0.222:34997]...

Refreshing native plugins compatible for Editor in 101.68 ms, found 4 plugins.
Preloading 0 native plugins for Editor in 0.00 ms.
Initialize engine version: 2021.3.18f1 (3129e69bc0c7)
[Subsystems] Discovering subsystems at path D:/UnityHub/Editor/2021.3.18f1/Editor/Data/Resources/UnitySubsystems
[Subsystems] Discovering subsystems at path C:/Users/EDDY/Desktop/VNU_Game-Decision-Analysis/VNU_GameDecision/Assets
GfxDevice: creating device client; threaded=0; jobified=0
Direct3D:
    Version:  Direct3D 11.0 [level 11.1]
    Renderer: NVIDIA GeForce GTX 1650 (ID=0x1f91)
    Vendor:   NVIDIA
    VRAM:     3962 MB
    Driver:   27.21.14.5749
Initialize mono
Mono path[0] = 'D:/UnityHub/Editor/2021.3.18f1/Editor/Data/Managed'
Mono path[1] = 'D:/UnityHub/Editor/2021.3.18f1/Editor/Data/MonoBleedingEdge/lib/mono/unityjit-win32'
Mono config path = 'D:/UnityHub/Editor/2021.3.18f1/Editor/Data/MonoBleedingEdge/etc'
Using monoOptions --debugger-agent=transport=dt_socket,embedding=1,server=y,suspend=n,address=127.0.0.1:56656
Begin MonoManager ReloadAssembly
Registering precompiled unity dll's ...
Register platform support module: D:/UnityHub/Editor/2021.3.18f1/Editor/Data/PlaybackEngines/WebGLSupport/UnityEditor.WebGL.Extensions.dll
Register platform support module: D:/UnityHub/Editor/2021.3.18f1/Editor/Data/PlaybackEngines/AndroidPlayer/UnityEditor.Android.Extensions.dll
Register platform support module: D:/UnityHub/Editor/2021.3.18f1/Editor/Data/PlaybackEngines/WindowsStandaloneSupport/UnityEditor.WindowsStandalone.Extensions.dll
Register platform support module: D:/UnityHub/Editor/2021.3.18f1/Editor/Data/PlaybackEngines/LinuxStandaloneSupport/UnityEditor.LinuxStandalone.Extensions.dll
Register platform support module: D:/UnityHub/Editor/2021.3.18f1/Editor/Data/PlaybackEngines/MetroSupport/UnityEditor.UWP.Extensions.dll
Registered in 0.004518 seconds.
Native extension for UWP target not found
Native extension for LinuxStandalone target not found
Native extension for WindowsStandalone target not found
Native extension for Android target not found
Android Extension - Scanning For ADB Devices 331 ms
Native extension for WebGL target not found
Refreshing native plugins compatible for Editor in 95.31 ms, found 4 plugins.
Preloading 0 native plugins for Editor in 0.00 ms.
Mono: successfully reloaded assembly
- Completed reload, in  1.080 seconds
Domain Reload Profiling:
	ReloadAssembly (1081ms)
		BeginReloadAssembly (90ms)
			ExecutionOrderSort (0ms)
			DisableScriptedObjects (0ms)
			BackupInstance (0ms)
			ReleaseScriptingObjects (0ms)
			CreateAndSetChildDomain (1ms)
		EndReloadAssembly (882ms)
			LoadAssemblies (91ms)
			RebuildTransferFunctionScriptingTraits (0ms)
			SetupTypeCache (109ms)
			ReleaseScriptCaches (0ms)
			RebuildScriptCaches (32ms)
			SetupLoadedEditorAssemblies (684ms)
				LogAssemblyErrors (0ms)
				InitializePlatformSupportModulesInManaged (429ms)
				SetLoadedEditorAssemblies (0ms)
				RefreshPlugins (95ms)
				BeforeProcessingInitializeOnLoad (1ms)
				ProcessInitializeOnLoadAttributes (108ms)
				ProcessInitializeOnLoadMethodAttributes (49ms)
				AfterProcessingInitializeOnLoad (0ms)
				EditorAssembliesLoaded (0ms)
			ExecutionOrderSort2 (0ms)
			AwakeInstancesAfterBackupRestoration (0ms)
Platform modules already initialized, skipping
Registering precompiled user dll's ...
Registered in 0.009177 seconds.
Begin MonoManager ReloadAssembly
Symbol file LoadedFromMemory doesn't match image C:\Users\EDDY\Desktop\VNU_Game-Decision-Analysis\VNU_GameDecision\Library\PackageCache\com.unity.visualscripting@1.8.0\Editor\VisualScripting.Core\Dependencies\YamlDotNet\Unity.VisualScripting.YamlDotNet.dll
Symbol file LoadedFromMemory doesn't match image C:\Users\EDDY\Desktop\VNU_Game-Decision-Analysis\VNU_GameDecision\Library\PackageCache\com.unity.visualscripting@1.8.0\Editor\VisualScripting.Core\Dependencies\DotNetZip\Unity.VisualScripting.IonicZip.dll
Native extension for UWP target not found
Native extension for LinuxStandalone target not found
Native extension for WindowsStandalone target not found
Native extension for Android target not found
Native extension for WebGL target not found
Refreshing native plugins compatible for Editor in 86.84 ms, found 4 plugins.
Preloading 0 native plugins for Editor in 0.00 ms.
Mono: successfully reloaded assembly
- Completed reload, in  1.103 seconds
Domain Reload Profiling:
	ReloadAssembly (1104ms)
		BeginReloadAssembly (113ms)
			ExecutionOrderSort (0ms)
			DisableScriptedObjects (6ms)
			BackupInstance (0ms)
			ReleaseScriptingObjects (0ms)
			CreateAndSetChildDomain (22ms)
		EndReloadAssembly (877ms)
			LoadAssemblies (97ms)
			RebuildTransferFunctionScriptingTraits (0ms)
			SetupTypeCache (243ms)
			ReleaseScriptCaches (1ms)
			RebuildScriptCaches (52ms)
			SetupLoadedEditorAssemblies (446ms)
				LogAssemblyErrors (0ms)
				InitializePlatformSupportModulesInManaged (24ms)
				SetLoadedEditorAssemblies (0ms)
				RefreshPlugins (87ms)
				BeforeProcessingInitializeOnLoad (94ms)
				ProcessInitializeOnLoadAttributes (201ms)
				ProcessInitializeOnLoadMethodAttributes (37ms)
				AfterProcessingInitializeOnLoad (3ms)
				EditorAssembliesLoaded (0ms)
			ExecutionOrderSort2 (0ms)
			AwakeInstancesAfterBackupRestoration (6ms)
Platform modules already initialized, skipping
========================================================================
Worker process is ready to serve import requests
Launched and connected shader compiler UnityShaderCompiler.exe after 0.05 seconds
Refreshing native plugins compatible for Editor in 0.80 ms, found 4 plugins.
Preloading 0 native plugins for Editor in 0.00 ms.
Unloading 3743 Unused Serialized files (Serialized files now loaded: 0)
Unloading 35 unused Assets / (56.0 KB). Loaded Objects now: 4205.
Memory consumption went from 143.0 MB to 142.9 MB.
Total: 3.322100 ms (FindLiveObjects: 0.329200 ms CreateObjectMapping: 0.224000 ms MarkObjects: 2.689200 ms  DeleteObjects: 0.078600 ms)

AssetImportParameters requested are different than current active one (requested -> active):
  custom:video-decoder-ogg-theora: a1e56fd34408186e4bbccfd4996cb3dc -> 
  custom:container-muxer-webm: aa71ff27fc2769a1b78a27578f13a17b -> 
  custom:container-demuxer-webm: 4f35f7cbe854078d1ac9338744f61a02 -> 
  custom:video-encoder-webm-vp8: eb34c28f22e8b96e1ab97ce403110664 -> 
  custom:video-codec-MediaFoundation-h265: 746d11721c4dcdbdad8f713fa42b33f4 -> 
  custom:audio-encoder-webm-vorbis: bf7c407c2cedff20999df2af8eb42d56 -> 
  custom:framework-win-MediaFoundation: 216162199b28c13a410421893ffa2e32 -> 
  custom:container-demuxer-ogg: 62fdf1f143b41e24485cea50d1cbac27 -> 
  custom:video-decoder-webm-vp8: 9c59270c3fd7afecdb556c50c9e8de78 -> 
  custom:audio-decoder-ogg-vorbis: bf7c407c2cedff20999df2af8eb42d56 -> 
========================================================================
Received Import Request.
  Time since last request: 162081.026464 seconds.
  path: Assets/Scenes/Dice.unity
  artifactKey: Guid(76ba9e5c6fc33484fbb1e7abebe875d6) Importer(815301076,1909f56bfc062723c751e8b465ee728b)
Start importing Assets/Scenes/Dice.unity using Guid(76ba9e5c6fc33484fbb1e7abebe875d6) Importer(815301076,1909f56bfc062723c751e8b465ee728b)  -> (artifact id: 'e85faf17f60c70daedfe6dbc8b893117') in 0.020899 seconds 
========================================================================
Received Import Request.
  Time since last request: 175.640115 seconds.
  path: Assets/Icon/dice-six-faces-four.png
  artifactKey: Guid(2a6c59c7859b6d049aa083ee29b9f1ef) Importer(815301076,1909f56bfc062723c751e8b465ee728b)
Start importing Assets/Icon/dice-six-faces-four.png using Guid(2a6c59c7859b6d049aa083ee29b9f1ef) Importer(815301076,1909f56bfc062723c751e8b465ee728b)  -> (artifact id: 'f3c95534be47e6cb06812b5e801f8a28') in 0.129465 seconds 
========================================================================
Received Import Request.
  Time since last request: 8.574382 seconds.
  path: Assets/Icon/dice-six-faces-one.png
  artifactKey: Guid(8e5d67ce15d4e544ba4fcae0fbd90d5e) Importer(815301076,1909f56bfc062723c751e8b465ee728b)
Start importing Assets/Icon/dice-six-faces-one.png using Guid(8e5d67ce15d4e544ba4fcae0fbd90d5e) Importer(815301076,1909f56bfc062723c751e8b465ee728b)  -> (artifact id: 'ab150f9d1f0d8a4fdbf9d2dfb92f4ce6') in 0.031238 seconds 
========================================================================
Received Import Request.
  Time since last request: 629.469760 seconds.
  path: Assets/豹子-(白色字體透明背景).png
  artifactKey: Guid(c8d0b3dc42bd3664d992767edc0dfff0) Importer(815301076,1909f56bfc062723c751e8b465ee728b)
Start importing Assets/豹子-(白色字體透明背景).png using Guid(c8d0b3dc42bd3664d992767edc0dfff0) Importer(815301076,1909f56bfc062723c751e8b465ee728b)  -> (artifact id: '42783e806b767a06b7094e2776576771') in 0.045964 seconds 
========================================================================
Received Import Request.
  Time since last request: 6.709262 seconds.
  path: Assets/豹子.png
  artifactKey: Guid(c8d0b3dc42bd3664d992767edc0dfff0) Importer(815301076,1909f56bfc062723c751e8b465ee728b)
Start importing Assets/豹子.png using Guid(c8d0b3dc42bd3664d992767edc0dfff0) Importer(815301076,1909f56bfc062723c751e8b465ee728b)  -> (artifact id: '5e725229786fc8caf9d67b5a2bc71969') in 0.032328 seconds 
========================================================================
Received Import Request.
  Time since last request: 164.070727 seconds.
  path: Assets/一對_-(白色字體透明背景).png
  artifactKey: Guid(54e3e97da7b8d204e86015a2a27ae52f) Importer(815301076,1909f56bfc062723c751e8b465ee728b)
Start importing Assets/一對_-(白色字體透明背景).png using Guid(54e3e97da7b8d204e86015a2a27ae52f) Importer(815301076,1909f56bfc062723c751e8b465ee728b)  -> (artifact id: '50dabf42a3df01d11ac233a7300485e7') in 0.033403 seconds 
========================================================================
Received Import Request.
  Time since last request: 5.376715 seconds.
  path: Assets/兩對-(白色字體透明背景).png
  artifactKey: Guid(488bb66e2db12a74a8d4ebe247973ba6) Importer(815301076,1909f56bfc062723c751e8b465ee728b)
Start importing Assets/兩對-(白色字體透明背景).png using Guid(488bb66e2db12a74a8d4ebe247973ba6) Importer(815301076,1909f56bfc062723c751e8b465ee728b)  -> (artifact id: '3fd284ff45c19ffe5884b7bb2f3c2245') in 0.025177 seconds 
========================================================================
Received Import Request.
  Time since last request: 4.008766 seconds.
  path: Assets/順子-(白色字體透明背景).png
  artifactKey: Guid(32eae59af2c97dc4fb433297139a30f2) Importer(815301076,1909f56bfc062723c751e8b465ee728b)
Start importing Assets/順子-(白色字體透明背景).png using Guid(32eae59af2c97dc4fb433297139a30f2) Importer(815301076,1909f56bfc062723c751e8b465ee728b)  -> (artifact id: '537a7b3795a6382506f344f5cf3fdf69') in 0.029944 seconds 
========================================================================
Received Import Request.
  Time since last request: 2.946529 seconds.
  path: Assets/一對.png
  artifactKey: Guid(54e3e97da7b8d204e86015a2a27ae52f) Importer(815301076,1909f56bfc062723c751e8b465ee728b)
Start importing Assets/一對.png using Guid(54e3e97da7b8d204e86015a2a27ae52f) Importer(815301076,1909f56bfc062723c751e8b465ee728b)  -> (artifact id: '88fdf63cca1572b12cb0b755b482f0c5') in 0.027431 seconds 
========================================================================
Received Import Request.
  Time since last request: 5.770582 seconds.
  path: Assets
  artifactKey: Guid(00000000000000001000000000000000) Importer(815301076,1909f56bfc062723c751e8b465ee728b)
Start importing Assets using Guid(00000000000000001000000000000000) Importer(815301076,1909f56bfc062723c751e8b465ee728b)  -> (artifact id: '79842766b460edbeab6a34051e857a80') in 0.012921 seconds 
========================================================================
Received Import Request.
  Time since last request: 9.580507 seconds.
  path: Assets/Text
  artifactKey: Guid(5740a7a1a809b5841873906fc9468569) Importer(815301076,1909f56bfc062723c751e8b465ee728b)
Start importing Assets/Text using Guid(5740a7a1a809b5841873906fc9468569) Importer(815301076,1909f56bfc062723c751e8b465ee728b)  -> (artifact id: '895d61bf6f678972bde719a929a51938') in 0.012709 seconds 
========================================================================
Received Import Request.
  Time since last request: 68.448053 seconds.
  path: Assets/Icon/anticlockwise-rotation.png
  artifactKey: Guid(2b15500e3af7b23419a4bc3f4791e143) Importer(815301076,1909f56bfc062723c751e8b465ee728b)
Start importing Assets/Icon/anticlockwise-rotation.png using Guid(2b15500e3af7b23419a4bc3f4791e143) Importer(815301076,1909f56bfc062723c751e8b465ee728b)  -> (artifact id: 'c16aa8afdb7142d9c9c27b5ed1dccdbd') in 0.042289 seconds 
========================================================================
Received Import Request.
  Time since last request: 0.000066 seconds.
  path: Packages/com.unity.2d.animation/Editor/Assets/SkinningModule/Icons/Light/Bone_Influence@2x.png
  artifactKey: Guid(7395bf0bc3cc40e4ab2dda5ec6832261) Importer(815301076,1909f56bfc062723c751e8b465ee728b)
Start importing Packages/com.unity.2d.animation/Editor/Assets/SkinningModule/Icons/Light/Bone_Influence@2x.png using Guid(7395bf0bc3cc40e4ab2dda5ec6832261) Importer(815301076,1909f56bfc062723c751e8b465ee728b)  -> (artifact id: 'db10218eba5d2e90351f4b5dafa4c5d1') in 0.030661 seconds 
========================================================================
Received Import Request.
  Time since last request: 0.000083 seconds.
  path: Packages/com.unity.2d.animation/Editor/Assets/SkinningModule/Icons/Selected/Bone_Influence@4x.png
  artifactKey: Guid(daf2ab606d4db0d4f9ecf4c02137d2a8) Importer(815301076,1909f56bfc062723c751e8b465ee728b)
Start importing Packages/com.unity.2d.animation/Editor/Assets/SkinningModule/Icons/Selected/Bone_Influence@4x.png using Guid(daf2ab606d4db0d4f9ecf4c02137d2a8) Importer(815301076,1909f56bfc062723c751e8b465ee728b)  -> (artifact id: 'b992372c21f29ecea7d96bdcaefded6b') in 0.029658 seconds 
========================================================================
Received Import Request.
  Time since last request: 0.000040 seconds.
  path: Packages/com.unity.2d.animation/Editor/Assets/SkinningModule/Icons/Light/Bone@3x.png
  artifactKey: Guid(76beef9fdae7b48468ddf07d0400a374) Importer(815301076,1909f56bfc062723c751e8b465ee728b)
Start importing Packages/com.unity.2d.animation/Editor/Assets/SkinningModule/Icons/Light/Bone@3x.png using Guid(76beef9fdae7b48468ddf07d0400a374) Importer(815301076,1909f56bfc062723c751e8b465ee728b)  -> (artifact id: '5d1b986beb5dff364d068ea62b712259') in 0.029831 seconds 
========================================================================
Received Import Request.
  Time since last request: 0.000035 seconds.
  path: Packages/com.unity.2d.animation/Editor/Assets/SkinningModule/Icons/Selected/Bone_Influence@2x.png
  artifactKey: Guid(0779ad3feec52124e97114bcbb12ef13) Importer(815301076,1909f56bfc062723c751e8b465ee728b)
Start importing Packages/com.unity.2d.animation/Editor/Assets/SkinningModule/Icons/Selected/Bone_Influence@2x.png using Guid(0779ad3feec52124e97114bcbb12ef13) Importer(815301076,1909f56bfc062723c751e8b465ee728b)  -> (artifact id: 'd246a1bdbf36c6096413296f04320e2f') in 0.025975 seconds 
========================================================================
Received Import Request.
  Time since last request: 0.000051 seconds.
  path: Packages/com.unity.2d.animation/Editor/Assets/SkinningModule/Icons/Selected/Bone_Influence.png
  artifactKey: Guid(ff00345da0563d641903c5bd5bb748a4) Importer(815301076,1909f56bfc062723c751e8b465ee728b)
Start importing Packages/com.unity.2d.animation/Editor/Assets/SkinningModule/Icons/Selected/Bone_Influence.png using Guid(ff00345da0563d641903c5bd5bb748a4) Importer(815301076,1909f56bfc062723c751e8b465ee728b)  -> (artifact id: '59a84c70f41bc68b6870b94cf2432047') in 0.020251 seconds 
========================================================================
Received Import Request.
  Time since last request: 0.000077 seconds.
  path: Packages/com.unity.2d.animation/Editor/Assets/SkinningModule/Icons/Light/Bone_Influence@3x.png
  artifactKey: Guid(cee9dbe90b270c944ae1dabf41c93b10) Importer(815301076,1909f56bfc062723c751e8b465ee728b)
Start importing Packages/com.unity.2d.animation/Editor/Assets/SkinningModule/Icons/Light/Bone_Influence@3x.png using Guid(cee9dbe90b270c944ae1dabf41c93b10) Importer(815301076,1909f56bfc062723c751e8b465ee728b)  -> (artifact id: '9f80d5109539b8e1116e47394ed38f67') in 0.030145 seconds 
========================================================================
Received Import Request.
  Time since last request: 0.000031 seconds.
  path: Packages/com.unity.2d.animation/Editor/Assets/SkinningModule/Icons/Light/Bone@4x.png
  artifactKey: Guid(9125c204f566db048a92ebcb64d9d14a) Importer(815301076,1909f56bfc062723c751e8b465ee728b)
Start importing Packages/com.unity.2d.animation/Editor/Assets/SkinningModule/Icons/Light/Bone@4x.png using Guid(9125c204f566db048a92ebcb64d9d14a) Importer(815301076,1909f56bfc062723c751e8b465ee728b)  -> (artifact id: '1ae1a70e44502ca6d8da503e4e129669') in 0.035104 seconds 
========================================================================
Received Import Request.
  Time since last request: 0.000036 seconds.
  path: Packages/com.unity.2d.animation/Editor/Assets/SkinningModule/Icons/Light/Bone_Influence@4x.png
  artifactKey: Guid(c7aa62ae78ffca0498c89e5f45f94c0e) Importer(815301076,1909f56bfc062723c751e8b465ee728b)
Start importing Packages/com.unity.2d.animation/Editor/Assets/SkinningModule/Icons/Light/Bone_Influence@4x.png using Guid(c7aa62ae78ffca0498c89e5f45f94c0e) Importer(815301076,1909f56bfc062723c751e8b465ee728b)  -> (artifact id: '0a218597e05f52e53493129c04ccf84a') in 0.022145 seconds 
========================================================================
Received Import Request.
  Time since last request: 0.000099 seconds.
  path: Packages/com.unity.2d.animation/Editor/Assets/SkinningModule/Icons/Light/Bone@2x.png
  artifactKey: Guid(d6a44ab95b0def041a7929981a2c23a1) Importer(815301076,1909f56bfc062723c751e8b465ee728b)
Start importing Packages/com.unity.2d.animation/Editor/Assets/SkinningModule/Icons/Light/Bone@2x.png using Guid(d6a44ab95b0def041a7929981a2c23a1) Importer(815301076,1909f56bfc062723c751e8b465ee728b)  -> (artifact id: 'd28d26754c39e6fc3892fb81a2970c13') in 0.021575 seconds 
========================================================================
Received Import Request.
  Time since last request: 0.557070 seconds.
  path: Packages/com.unity.collab-proxy/Editor/PlasticSCM/Assets/Images/buttonssosigninunity.png
  artifactKey: Guid(f9161c6c9e06dc445ada3ee16d991f90) Importer(815301076,1909f56bfc062723c751e8b465ee728b)
Start importing Packages/com.unity.collab-proxy/Editor/PlasticSCM/Assets/Images/buttonssosigninunity.png using Guid(f9161c6c9e06dc445ada3ee16d991f90) Importer(815301076,1909f56bfc062723c751e8b465ee728b)  -> (artifact id: '7713c7af2219a1daab5faf3d677217f3') in 0.021552 seconds 
========================================================================
Received Import Request.
  Time since last request: 0.032155 seconds.
  path: Packages/com.unity.2d.animation/Editor/Assets/SkinningModule/Icons/Selected/character_Mode.png
  artifactKey: Guid(e60718119cec31e4190849292fcde068) Importer(815301076,1909f56bfc062723c751e8b465ee728b)
Start importing Packages/com.unity.2d.animation/Editor/Assets/SkinningModule/Icons/Selected/character_Mode.png using Guid(e60718119cec31e4190849292fcde068) Importer(815301076,1909f56bfc062723c751e8b465ee728b)  -> (artifact id: '93a58d4dc4523d41b9000cf9c50dba20') in 0.018921 seconds 
Editor requested this worker to shutdown with reason: Scaling down because of idle timeout
AssetImportWorker is now disconnected from the server
Process exiting
Exiting without the bug reporter. Application will terminate with return code 0